0 info it worked if it ends with ok
1 verbose cli [ 'C:\\Program Files\\nodejs\\node.exe',
1 verbose cli   'C:\\Program Files\\nodejs\\node_modules\\npm\\bin\\npm-cli.js',
1 verbose cli   'start' ]
2 info using npm@3.10.8
3 info using node@v6.9.1
4 verbose run-script [ 'prestart', 'start', 'poststart' ]
5 info lifecycle contacts@0.1.0~prestart: contacts@0.1.0
6 silly lifecycle contacts@0.1.0~prestart: no script for prestart, continuing
7 info lifecycle contacts@0.1.0~start: contacts@0.1.0
8 verbose lifecycle contacts@0.1.0~start: unsafe-perm in lifecycle true
9 verbose lifecycle contacts@0.1.0~start: PATH: C:\Program Files\nodejs\node_modules\npm\bin\node-gyp-bin;C:\MyReads\node_modules\.bin;C:\Users\ELC-50405\AppData\Roaming\npm;C:\Program Files\nodejs\;C:\ProgramData\Oracle\Java\javapath;C:\Windows\system32;C:\Windows;C:\Windows\System32\Wbem;C:\Windows\System32\WindowsPowerShell\v1.0\;C:\Program Files (x86)\MySQL\MySQL Fabric 1.5 & MySQL Utilities 1.5\;C:\Program Files (x86)\MySQL\MySQL Fabric 1.5 & MySQL Utilities 1.5\Doctrine extensions for PHP\;C:\Windows\System32\WindowsPowerShell\v1.0\;C:\Windows\System32\WindowsPowerShell\v1.0\;C:\Program Files\Microsoft SQL Server\130\Tools\Binn\;C:\Program Files\Git\cmd;C:\Program Files\nodejs\;C:\Program Files (x86)\PuTTY\;C:\Program Files (x86)\Brackets\command;C:\Users\ELC-50405\java-neon\eclipse;C:\Program Files\Java\jdk1.8.0_121\bin;C:\JBPM Workflow DEMO\apache-ant-1.10.1\bin;C:\maven\apache-maven-3.3.9\bin;C:\Ruby23\bin;C:\Program Files (x86)\Teamstudio\Notes Tools\bin\;C:\Users\ELC-50405\AppData\Roaming\npm;C:\Users\ELC-50405\java-neon\eclipse;C:\Program Files\Java\jdk1.8.0_121;C:\Program Files (x86)\GnuWin32\bin;C:\Program Files\wkhtmltopdf\bin;C:\maven\apache-maven-3.3.9\bin;C:\Ruby23\bin
10 verbose lifecycle contacts@0.1.0~start: CWD: C:\MyReads
11 silly lifecycle contacts@0.1.0~start: Args: [ '/d /s /c', 'react-scripts start' ]
12 silly lifecycle contacts@0.1.0~start: Returned: code: 3221225786  signal: null
13 info lifecycle contacts@0.1.0~start: Failed to exec start script
14 verbose stack Error: contacts@0.1.0 start: `react-scripts start`
14 verbose stack Exit status 3221225786
14 verbose stack     at EventEmitter.<anonymous> (C:\Program Files\nodejs\node_modules\npm\lib\utils\lifecycle.js:255:16)
14 verbose stack     at emitTwo (events.js:106:13)
14 verbose stack     at EventEmitter.emit (events.js:191:7)
14 verbose stack     at ChildProcess.<anonymous> (C:\Program Files\nodejs\node_modules\npm\lib\utils\spawn.js:40:14)
14 verbose stack     at emitTwo (events.js:106:13)
14 verbose stack     at ChildProcess.emit (events.js:191:7)
14 verbose stack     at maybeClose (internal/child_process.js:877:16)
14 verbose stack     at Process.ChildProcess._handle.onexit (internal/child_process.js:226:5)
15 verbose pkgid contacts@0.1.0
16 verbose cwd C:\MyReads
17 error Windows_NT 6.1.7601
18 error argv "C:\\Program Files\\nodejs\\node.exe" "C:\\Program Files\\nodejs\\node_modules\\npm\\bin\\npm-cli.js" "start"
19 error node v6.9.1
20 error npm  v3.10.8
21 error code ELIFECYCLE
22 error contacts@0.1.0 start: `react-scripts start`
22 error Exit status 3221225786
23 error Failed at the contacts@0.1.0 start script 'react-scripts start'.
23 error Make sure you have the latest version of node.js and npm installed.
23 error If you do, this is most likely a problem with the contacts package,
23 error not with npm itself.
23 error Tell the author that this fails on your system:
23 error     react-scripts start
23 error You can get information on how to open an issue for this project with:
23 error     npm bugs contacts
23 error Or if that isn't available, you can get their info via:
23 error     npm owner ls contacts
23 error There is likely additional logging output above.
24 verbose exit [ 1, true ]
